00:00:00.002087 main     VirtualBox COM Server 6.0.24 r139119 win.amd64 (Jul  9 2020 19:37:22) release log
00:00:00.002091 main     Log opened 2022-10-08T15:35:37.137023200Z
00:00:00.002092 main     Build Type: release
00:00:00.002100 main     OS Product: Windows 10
00:00:00.002102 main     OS Release: 10.0.18362
00:00:00.002104 main     OS Service Pack: 
00:00:00.082183 main     DMI Product Name: HP EliteBook 840 G2
00:00:00.104013 main     DMI Product Version: A3008C510003
00:00:00.104025 main     Host RAM: 3971MB (3.8GB) total, 786MB available
00:00:00.104031 main     Executable: C:\Program Files\Oracle\VirtualBox\VBoxSVC.exe
00:00:00.104032 main     Process ID: 680
00:00:00.104033 main     Package type: WINDOWS_64BITS_GENERIC
00:00:00.190539          VirtualBox: object creation starts
00:00:00.190844          Home directory: 'C:\Users\pc\.VirtualBox'
00:00:00.190930          Installed Drivers:
00:00:00.196583            C:\Windows\system32\DRIVERS\VBoxNetLwf.sys (Version: 6.0.24.39119)
00:00:00.197334            C:\Windows\system32\DRIVERS\VBoxUSBMon.sys (Version: 6.0.24.39119)
00:00:00.197908            C:\Windows\system32\DRIVERS\VBoxDrv.sys (Version: 6.0.24.39119)
00:00:00.198704            C:\Windows\system32\DRIVERS\VBoxNetAdp6.sys (Version: 6.0.24.39119)
00:00:00.201438          Loading settings file "C:\Users\pc\.VirtualBox\VirtualBox.xml" with version "1.12-windows"
00:00:00.307491          Getting USB descriptor (id 0) failed with error 31
00:00:00.307770          Getting USB descriptor (id 0) failed with error 31
00:00:00.311097          USB: Unknown USB device detected (idVendor: 0x04f2, idProduct: 0xb3ed)
00:00:00.311180          USB: Unknown USB device detected (idVendor: 0x8087, idProduct: 0x0a2a)
00:00:00.501946          HostDnsMonitor: initializing
00:00:00.522938          HostDnsMonitor: updating information
00:00:00.522969          HostDnsMonitor: old information
00:00:00.522970            no server entries
00:00:00.522971            no domain set
00:00:00.522972            no search string entries
00:00:00.522972          HostDnsMonitor: new information
00:00:00.522973            server 1: 192.168.0.1
00:00:00.522974            no domain set
00:00:00.522974            no search string entries
00:00:00.640733          SUPR0QueryVTCaps -> VERR_VMX_MSR_ALL_VMX_DISABLED
00:00:00.641453          VD: VDInit finished with VINF_SUCCESS
00:00:00.642897          VirtualBox: object created
00:02:21.826418          Saving settings file "C:\Users\pc\.VirtualBox\VirtualBox.xml" with version "1.12-windows"
00:02:21.880208          Saving settings file "C:\Users\pc\.VirtualBox\VirtualBox.xml" with version "1.12-windows"
00:02:27.441389 main     VirtualBox: object deletion starts
00:02:27.442960 main     HostDnsMonitor: shutting down ...
00:02:27.443076 main     HostDnsMonitor: shut down
00:02:27.448915 Watcher  ERROR [COM]: aRC=E_ACCESSDENIED (0x80070005) aIID={d0a0163f-e254-4e5b-a1f2-011cf991c38d} aComponent={VirtualBoxWrap} aText={The object is not ready}, preserve=false aResultDetail=0
00:02:27.449935 main     VirtualBox: object deleted
